app/build/intermediates/manifest_merge_blame_file/debug/manifest-merger-blame-debug-report.txt
1<?xml version="1.0" encoding="utf-8"?>
2<manifest xmlns:android="http://schemas.android.com/apk/res/android"
3    package="org.pytorch.demo.objectdetection"
4    android:versionCode="1"
5    android:versionName="1.0" >
6
7    <uses-sdk
8        android:minSdkVersion="30"
8-->src\main\AndroidManifest.xml
9        android:targetSdkVersion="30" />
9-->src\main\AndroidManifest.xml
10
11    <uses-permission android:name="android.permission.CAMERA" />
11-->src\main\AndroidManifest.xml:6:5-65
11-->src\main\AndroidManifest.xml:6:22-62
12    <uses-permission android:name="android.permission.WRITE_EXTERNAL_STORAGE" />
12-->src\main\AndroidManifest.xml:7:5-81
12-->src\main\AndroidManifest.xml:7:22-78
13    <uses-permission android:name="android.permission.READ_EXTERNAL_STORAGE" />
13-->src\main\AndroidManifest.xml:8:5-80
13-->src\main\AndroidManifest.xml:8:22-77
14    <uses-permission android:name="android.permission.INTERNET" />
14-->src\main\AndroidManifest.xml:9:5-67
14-->src\main\AndroidManifest.xml:9:22-64
15
16    <application
16-->src\main\AndroidManifest.xml:11:5-48:19
17        android:allowBackup="true"
17-->src\main\AndroidManifest.xml:12:9-35
18        android:appComponentFactory="androidx.core.app.CoreComponentFactory"
18-->[androidx.core:core:1.7.0] AndroidManifest.xml:24:18-86
19        android:debuggable="true"
20        android:extractNativeLibs="false"
21        android:icon="@mipmap/ic_launcher_logo_foreground"
21-->src\main\AndroidManifest.xml:13:9-59
22        android:label="@string/app_name"
22-->src\main\AndroidManifest.xml:14:9-41
23        android:networkSecurityConfig="@xml/network_security_config"
23-->src\main\AndroidManifest.xml:15:9-69
24        android:supportsRtl="true"
24-->src\main\AndroidManifest.xml:16:9-35
25        android:testOnly="true"
26        android:theme="@style/AppTheme"
26-->src\main\AndroidManifest.xml:17:9-40
27        android:usesCleartextTraffic="true" >
27-->src\main\AndroidManifest.xml:18:9-44
28
29        <!-- 앞의 코드는 여기에 들어간다 -->
30        <activity
30-->src\main\AndroidManifest.xml:20:9-23:20
31            android:name="org.pytorch.demo.objectdetection.MainActivity"
31-->src\main\AndroidManifest.xml:20:19-47
32            android:configChanges="orientation"
32-->src\main\AndroidManifest.xml:21:13-48
33            android:screenOrientation="portrait" >
33-->src\main\AndroidManifest.xml:22:13-49
34        </activity>
35        <activity android:name="org.pytorch.demo.objectdetection.SplashScreen" >
35-->src\main\AndroidManifest.xml:25:9-31:20
35-->src\main\AndroidManifest.xml:26:13-41
36            <intent-filter>
36-->src\main\AndroidManifest.xml:27:13-30:29
37                <action android:name="android.intent.action.MAIN" />
37-->src\main\AndroidManifest.xml:28:17-69
37-->src\main\AndroidManifest.xml:28:25-66
38
39                <category android:name="android.intent.category.LAUNCHER" />
39-->src\main\AndroidManifest.xml:29:17-77
39-->src\main\AndroidManifest.xml:29:27-74
40            </intent-filter>
41        </activity>
42        <activity
42-->src\main\AndroidManifest.xml:33:9-35:38
43            android:name="org.pytorch.demo.objectdetection.MyPageActivity"
43-->src\main\AndroidManifest.xml:34:13-43
44            android:label="My Page" />
44-->src\main\AndroidManifest.xml:35:13-36
45        <activity
45-->src\main\AndroidManifest.xml:37:9-39:37
46            android:name="org.pytorch.demo.objectdetection.UploadActivity"
46-->src\main\AndroidManifest.xml:38:13-43
47            android:label="Upload" />
47-->src\main\AndroidManifest.xml:39:13-35
48        <activity
48-->src\main\AndroidManifest.xml:41:9-43:20
49            android:name="org.pytorch.demo.objectdetection.EditImageActivity"
49-->src\main\AndroidManifest.xml:41:19-52
50            android:label="EditImageActivity" >
50-->src\main\AndroidManifest.xml:42:13-46
51        </activity>
52        <activity
52-->src\main\AndroidManifest.xml:45:9-47:20
53            android:name="org.pytorch.demo.objectdetection.mypage_upload"
53-->src\main\AndroidManifest.xml:45:19-48
54            android:label="mypage_upload" >
54-->src\main\AndroidManifest.xml:46:13-42
55        </activity>
56
57        <provider
57-->[androidx.camera:camera-camera2:1.0.0-alpha05] AndroidManifest.xml:25:9-30:43
58            android:name="androidx.camera.camera2.impl.Camera2Initializer"
58-->[androidx.camera:camera-camera2:1.0.0-alpha05] AndroidManifest.xml:26:13-75
59            android:authorities="org.pytorch.demo.objectdetection.camerax-init"
59-->[androidx.camera:camera-camera2:1.0.0-alpha05] AndroidManifest.xml:27:13-64
60            android:exported="false"
60-->[androidx.camera:camera-camera2:1.0.0-alpha05] AndroidManifest.xml:28:13-37
61            android:initOrder="100"
61-->[androidx.camera:camera-camera2:1.0.0-alpha05] AndroidManifest.xml:29:13-36
62            android:multiprocess="true" />
62-->[androidx.camera:camera-camera2:1.0.0-alpha05] AndroidManifest.xml:30:13-40
63        <provider
63-->[com.squareup.picasso:picasso:2.71828] AndroidManifest.xml:8:9-11:40
64            android:name="com.squareup.picasso.PicassoProvider"
64-->[com.squareup.picasso:picasso:2.71828] AndroidManifest.xml:9:13-64
65            android:authorities="org.pytorch.demo.objectdetection.com.squareup.picasso"
65-->[com.squareup.picasso:picasso:2.71828] AndroidManifest.xml:10:13-72
66            android:exported="false" />
66-->[com.squareup.picasso:picasso:2.71828] AndroidManifest.xml:11:13-37
67    </application>
68
69</manifest>